build/app/intermediates/manifest_merge_blame_file/release/manifest-merger-blame-release-report.txt
1<?xml version="1.0" encoding="utf-8"?>
2<manifest xmlns:android="http://schemas.android.com/apk/res/android"
3    package="com.fredtheedev.drivio"
4    android:versionCode="1"
5    android:versionName="1.0.0" >
6
7    <uses-sdk
8        android:minSdkVersion="21"
8-->src\main\AndroidManifest.xml
9        android:targetSdkVersion="33" />
9-->src\main\AndroidManifest.xml
10
11    <uses-permission android:name="android.permission.INTERNET" />
11-->src\main\AndroidManifest.xml:3:5-66
11-->src\main\AndroidManifest.xml:3:22-64
12    <uses-permission android:name="android.permission.ACCESS_NETWORK_STATE" />
12-->[:firebase_analytics] AndroidManifest.xml:9:5-79
12-->[:firebase_analytics] AndroidManifest.xml:9:22-76
13    <uses-permission android:name="android.permission.WAKE_LOCK" /> <!-- Permissions options for the `notification` group -->
13-->[:firebase_analytics] AndroidManifest.xml:11:5-68
13-->[:firebase_analytics] AndroidManifest.xml:11:22-65
14    <uses-permission android:name="android.permission.POST_NOTIFICATIONS" />
14-->[:firebase_messaging] AndroidManifest.xml:13:5-77
14-->[:firebase_messaging] AndroidManifest.xml:13:22-74
15    <uses-permission android:name="android.permission.RECEIVE_BOOT_COMPLETED" />
15-->[:flutter_local_notifications] AndroidManifest.xml:9:5-81
15-->[:flutter_local_notifications] AndroidManifest.xml:9:22-78
16    <uses-permission android:name="android.permission.VIBRATE" />
16-->[:flutter_local_notifications] AndroidManifest.xml:10:5-66
16-->[:flutter_local_notifications] AndroidManifest.xml:10:22-63
17    <uses-permission android:name="android.permission.USE_FULL_SCREEN_INTENT" />
17-->[:flutter_local_notifications] AndroidManifest.xml:11:5-81
17-->[:flutter_local_notifications] AndroidManifest.xml:11:22-78
18    <uses-permission android:name="android.permission.SCHEDULE_EXACT_ALARM" /> <!-- Required by older versions of Google Play services to create IID tokens -->
18-->[:flutter_local_notifications] AndroidManifest.xml:12:5-79
18-->[:flutter_local_notifications] AndroidManifest.xml:12:22-76
19    <uses-permission android:name="com.google.android.c2dm.permission.RECEIVE" />
19-->[com.google.firebase:firebase-iid:21.1.0] AndroidManifest.xml:26:5-82
19-->[com.google.firebase:firebase-iid:21.1.0] AndroidManifest.xml:26:22-79
20
21    <queries>
21-->[com.google.firebase:firebase-inappmessaging-display:20.3.0] AndroidManifest.xml:12:5-18:15
22        <intent>
22-->[com.google.firebase:firebase-inappmessaging-display:20.3.0] AndroidManifest.xml:13:9-17:18
23            <action android:name="android.intent.action.VIEW" />
23-->[com.google.firebase:firebase-auth:21.1.0] AndroidManifest.xml:34:17-69
23-->[com.google.firebase:firebase-auth:21.1.0] AndroidManifest.xml:34:25-66
24
25            <data android:scheme="https" />
25-->[com.google.firebase:firebase-auth:21.1.0] AndroidManifest.xml:39:17-42:51
25-->[com.google.firebase:firebase-auth:21.1.0] AndroidManifest.xml:42:21-48
26        </intent>
27        <!-- For browser content -->
28        <intent>
28-->[com.google.android.gms:play-services-ads-lite:21.3.0] AndroidManifest.xml:31:9-37:18
29            <action android:name="android.intent.action.VIEW" />
29-->[com.google.firebase:firebase-auth:21.1.0] AndroidManifest.xml:34:17-69
29-->[com.google.firebase:firebase-auth:21.1.0] AndroidManifest.xml:34:25-66
30
31            <category android:name="android.intent.category.BROWSABLE" />
31-->[com.google.firebase:firebase-auth:21.1.0] AndroidManifest.xml:37:17-78
31-->[com.google.firebase:firebase-auth:21.1.0] AndroidManifest.xml:37:27-75
32
33            <data android:scheme="https" />
33-->[com.google.firebase:firebase-auth:21.1.0] AndroidManifest.xml:39:17-42:51
33-->[com.google.firebase:firebase-auth:21.1.0] AndroidManifest.xml:42:21-48
34        </intent> <!-- End of browser content -->
35        <!-- For CustomTabsService -->
36        <intent>
36-->[com.google.android.gms:play-services-ads-lite:21.3.0] AndroidManifest.xml:40:9-42:18
37            <action android:name="android.support.customtabs.action.CustomTabsService" />
37-->[com.google.android.gms:play-services-ads-lite:21.3.0] AndroidManifest.xml:41:13-90
37-->[com.google.android.gms:play-services-ads-lite:21.3.0] AndroidManifest.xml:41:21-87
38        </intent>
39    </queries>
40
41    <uses-permission android:name="com.google.android.gms.permission.AD_ID" />
41-->[com.google.android.gms:play-services-measurement-api:21.2.0] AndroidManifest.xml:25:5-79
41-->[com.google.android.gms:play-services-measurement-api:21.2.0] AndroidManifest.xml:25:22-76
42    <uses-permission android:name="com.google.android.finsky.permission.BIND_GET_INSTALL_REFERRER_SERVICE" />
42-->[com.google.android.gms:play-services-measurement:21.2.0] AndroidManifest.xml:26:5-110
42-->[com.google.android.gms:play-services-measurement:21.2.0] AndroidManifest.xml:26:22-107
43    <uses-permission android:name="android.permission.FOREGROUND_SERVICE" />
43-->[androidx.work:work-runtime:2.7.0] AndroidManifest.xml:28:5-77
43-->[androidx.work:work-runtime:2.7.0] AndroidManifest.xml:28:22-74
44
45    <application
46        android:name="android.app.Application"
46-->src\main\AndroidManifest.xml:6:9-42
47        android:appComponentFactory="androidx.core.app.CoreComponentFactory"
47-->[androidx.core:core:1.8.0] AndroidManifest.xml:24:18-86
48        android:icon="@mipmap/ic_launcher"
48-->src\main\AndroidManifest.xml:7:9-43
49        android:label="Drivio" >
49-->src\main\AndroidManifest.xml:5:9-31
50        <activity
50-->src\main\AndroidManifest.xml:8:9-32:20
51            android:name="com.fredtheedev.drivio.MainActivity"
51-->src\main\AndroidManifest.xml:9:13-41
52            android:configChanges="orientation|keyboardHidden|keyboard|screenSize|smallestScreenSize|locale|layoutDirection|fontScale|screenLayout|density|uiMode"
52-->src\main\AndroidManifest.xml:13:13-163
53            android:exported="true"
53-->src\main\AndroidManifest.xml:10:13-36
54            android:hardwareAccelerated="true"
54-->src\main\AndroidManifest.xml:14:13-47
55            android:launchMode="singleTop"
55-->src\main\AndroidManifest.xml:11:13-43
56            android:theme="@style/LaunchTheme"
56-->src\main\AndroidManifest.xml:12:13-47
57            android:windowSoftInputMode="adjustResize" >
57-->src\main\AndroidManifest.xml:15:13-55
58
59            <!--
60                 Specifies an Android theme to apply to this Activity as soon as
61                 the Android process has started. This theme is visible to the user
62                 while the Flutter UI initializes. After that, this theme continues
63                 to determine the Window background behind the Flutter UI.
64            -->
65            <meta-data
65-->src\main\AndroidManifest.xml:20:13-24:17
66                android:name="io.flutter.embedding.android.NormalTheme"
66-->src\main\AndroidManifest.xml:21:15-70
67                android:resource="@style/NormalTheme" />
67-->src\main\AndroidManifest.xml:22:15-52
68            <meta-data
68-->src\main\AndroidManifest.xml:25:13-27:59
69                android:name="com.google.firebase.messaging.default_notification_channel_id"
69-->src\main\AndroidManifest.xml:26:17-93
70                android:value="high_importance_channel" />
70-->src\main\AndroidManifest.xml:27:17-56
71
72            <intent-filter>
72-->src\main\AndroidManifest.xml:28:13-31:29
73                <action android:name="android.intent.action.MAIN" />
73-->src\main\AndroidManifest.xml:29:17-68
73-->src\main\AndroidManifest.xml:29:25-66
74
75                <category android:name="android.intent.category.LAUNCHER" />
75-->src\main\AndroidManifest.xml:30:17-76
75-->src\main\AndroidManifest.xml:30:27-74
76            </intent-filter>
77        </activity>
78        <!--
79             Don't delete the meta-data below.
80             This is used by the Flutter tool to generate GeneratedPluginRegistrant.java
81        -->
82        <meta-data
82-->src\main\AndroidManifest.xml:35:9-37:33
83            android:name="flutterEmbedding"
83-->src\main\AndroidManifest.xml:36:13-44
84            android:value="2" />
84-->src\main\AndroidManifest.xml:37:13-30
85
86        <!-- Sample AdMob app ID: ca-app-pub-3940256099942544~3347511713 -->
87        <meta-data
87-->src\main\AndroidManifest.xml:40:8-42:68
88            android:name="com.google.android.gms.ads.APPLICATION_ID"
88-->src\main\AndroidManifest.xml:41:12-68
89            android:value="ca-app-pub-9354755118881714~5999431945" />
89-->src\main\AndroidManifest.xml:42:12-66
90
91        <service
91-->[:firebase_crashlytics] AndroidManifest.xml:10:9-14:19
92            android:name="com.google.firebase.components.ComponentDiscoveryService"
92-->[:firebase_crashlytics] AndroidManifest.xml:10:18-89
93            android:directBootAware="true"
93-->[com.google.firebase:firebase-common:20.3.0] AndroidManifest.xml:34:13-43
94            android:exported="false" >
94-->[com.google.firebase:firebase-auth:21.1.0] AndroidManifest.xml:66:13-37
95            <meta-data
95-->[:firebase_crashlytics] AndroidManifest.xml:11:13-13:85
96                android:name="com.google.firebase.components:io.flutter.plugins.firebase.crashlytics.FlutterFirebaseAppRegistrar"
96-->[:firebase_crashlytics] AndroidManifest.xml:12:17-130
97                android:value="com.google.firebase.components.ComponentRegistrar" />
97-->[:firebase_crashlytics] AndroidManifest.xml:13:17-82
98            <meta-data
98-->[:cloud_firestore] AndroidManifest.xml:11:13-13:85
99                android:name="com.google.firebase.components:io.flutter.plugins.firebase.firestore.FlutterFirebaseFirestoreRegistrar"
99-->[:cloud_firestore] AndroidManifest.xml:12:17-134
100                android:value="com.google.firebase.components.ComponentRegistrar" />
100-->[:cloud_firestore] AndroidManifest.xml:13:17-82
101            <meta-data
101-->[:firebase_analytics] AndroidManifest.xml:15:13-17:85
102                android:name="com.google.firebase.components:io.flutter.plugins.firebase.analytics.FlutterFirebaseAppRegistrar"
102-->[:firebase_analytics] AndroidManifest.xml:16:17-128
103                android:value="com.google.firebase.components.ComponentRegistrar" />
103-->[:firebase_analytics] AndroidManifest.xml:17:17-82
104            <meta-data
104-->[:firebase_auth] AndroidManifest.xml:11:13-13:85
105                android:name="com.google.firebase.components:io.flutter.plugins.firebase.auth.FlutterFirebaseAuthRegistrar"
105-->[:firebase_auth] AndroidManifest.xml:12:17-124
106                android:value="com.google.firebase.components.ComponentRegistrar" />
106-->[:firebase_auth] AndroidManifest.xml:13:17-82
107            <meta-data
107-->[:firebase_in_app_messaging] AndroidManifest.xml:11:13-13:85
108                android:name="com.google.firebase.components:io.flutter.plugins.firebase.inappmessaging.FlutterFirebaseAppRegistrar"
108-->[:firebase_in_app_messaging] AndroidManifest.xml:12:17-133
109                android:value="com.google.firebase.components.ComponentRegistrar" />
109-->[:firebase_in_app_messaging] AndroidManifest.xml:13:17-82
110            <meta-data
110-->[:firebase_remote_config] AndroidManifest.xml:11:13-13:85
111                android:name="com.google.firebase.components:io.flutter.plugins.firebase.firebaseremoteconfig.FlutterFirebaseAppRegistrar"
111-->[:firebase_remote_config] AndroidManifest.xml:12:17-139
112                android:value="com.google.firebase.components.ComponentRegistrar" />
112-->[:firebase_remote_config] AndroidManifest.xml:13:17-82
113            <meta-data
113-->[:firebase_messaging] AndroidManifest.xml:38:13-40:85
114                android:name="com.google.firebase.components:io.flutter.plugins.firebase.messaging.FlutterFirebaseAppRegistrar"
114-->[:firebase_messaging] AndroidManifest.xml:39:17-128
115                android:value="com.google.firebase.components.ComponentRegistrar" />
115-->[:firebase_messaging] AndroidManifest.xml:40:17-82
116            <meta-data
116-->[:firebase_core] AndroidManifest.xml:11:13-13:85
117                android:name="com.google.firebase.components:io.flutter.plugins.firebase.core.FlutterFirebaseCoreRegistrar"
117-->[:firebase_core] AndroidManifest.xml:12:17-124
118                android:value="com.google.firebase.components.ComponentRegistrar" />
118-->[:firebase_core] AndroidManifest.xml:13:17-82
119            <meta-data
119-->[com.google.firebase:firebase-auth:21.1.0] AndroidManifest.xml:67:13-69:85
120                android:name="com.google.firebase.components:com.google.firebase.auth.FirebaseAuthRegistrar"
120-->[com.google.firebase:firebase-auth:21.1.0] AndroidManifest.xml:68:17-109
121                android:value="com.google.firebase.components.ComponentRegistrar" />
121-->[com.google.firebase:firebase-auth:21.1.0] AndroidManifest.xml:69:17-82
122            <meta-data
122-->[com.google.firebase:firebase-iid:21.1.0] AndroidManifest.xml:32:13-34:85
123                android:name="com.google.firebase.components:com.google.firebase.iid.Registrar"
123-->[com.google.firebase:firebase-iid:21.1.0] AndroidManifest.xml:33:17-96
124                android:value="com.google.firebase.components.ComponentRegistrar" />
124-->[com.google.firebase:firebase-iid:21.1.0] AndroidManifest.xml:34:17-82
125            <meta-data
125-->[com.google.firebase:firebase-firestore:24.4.3] AndroidManifest.xml:19:13-21:85
126                android:name="com.google.firebase.components:com.google.firebase.firestore.FirestoreRegistrar"
126-->[com.google.firebase:firebase-firestore:24.4.3] AndroidManifest.xml:20:17-111
127                android:value="com.google.firebase.components.ComponentRegistrar" />
127-->[com.google.firebase:firebase-firestore:24.4.3] AndroidManifest.xml:21:17-82
128            <meta-data
128-->[com.google.firebase:firebase-messaging:23.1.1] AndroidManifest.xml:55:13-57:85
129                android:name="com.google.firebase.components:com.google.firebase.messaging.FirebaseMessagingRegistrar"
129-->[com.google.firebase:firebase-messaging:23.1.1] AndroidManifest.xml:56:17-119
130                android:value="com.google.firebase.components.ComponentRegistrar" />
130-->[com.google.firebase:firebase-messaging:23.1.1] AndroidManifest.xml:57:17-82
131            <meta-data
131-->[com.google.firebase:firebase-inappmessaging-display:20.3.0] AndroidManifest.xml:24:13-26:85
132                android:name="com.google.firebase.components:com.google.firebase.inappmessaging.display.FirebaseInAppMessagingDisplayRegistrar"
132-->[com.google.firebase:firebase-inappmessaging-display:20.3.0] AndroidManifest.xml:25:17-144
133                android:value="com.google.firebase.components.ComponentRegistrar" />
133-->[com.google.firebase:firebase-inappmessaging-display:20.3.0] AndroidManifest.xml:26:17-82
134            <meta-data
134-->[com.google.firebase:firebase-config:21.2.1] AndroidManifest.xml:31:13-33:85
135                android:name="com.google.firebase.components:com.google.firebase.remoteconfig.RemoteConfigRegistrar"
135-->[com.google.firebase:firebase-config:21.2.1] AndroidManifest.xml:32:17-117
136                android:value="com.google.firebase.components.ComponentRegistrar" />
136-->[com.google.firebase:firebase-config:21.2.1] AndroidManifest.xml:33:17-82
137            <meta-data
137-->[com.google.firebase:firebase-crashlytics:18.3.5] AndroidManifest.xml:17:13-19:85
138                android:name="com.google.firebase.components:com.google.firebase.crashlytics.CrashlyticsRegistrar"
138-->[com.google.firebase:firebase-crashlytics:18.3.5] AndroidManifest.xml:18:17-115
139                android:value="com.google.firebase.components.ComponentRegistrar" />
139-->[com.google.firebase:firebase-crashlytics:18.3.5] AndroidManifest.xml:19:17-82
140            <meta-data
140-->[com.google.android.gms:play-services-measurement-api:21.2.0] AndroidManifest.xml:31:13-33:85
141                android:name="com.google.firebase.components:com.google.firebase.analytics.connector.internal.AnalyticsConnectorRegistrar"
141-->[com.google.android.gms:play-services-measurement-api:21.2.0] AndroidManifest.xml:32:17-139
142                android:value="com.google.firebase.components.ComponentRegistrar" />
142-->[com.google.android.gms:play-services-measurement-api:21.2.0] AndroidManifest.xml:33:17-82
143            <meta-data
143-->[com.google.firebase:firebase-inappmessaging:20.3.0] AndroidManifest.xml:16:13-18:85
144                android:name="com.google.firebase.components:com.google.firebase.inappmessaging.FirebaseInAppMessagingRegistrar"
144-->[com.google.firebase:firebase-inappmessaging:20.3.0] AndroidManifest.xml:17:17-129
145                android:value="com.google.firebase.components.ComponentRegistrar" />
145-->[com.google.firebase:firebase-inappmessaging:20.3.0] AndroidManifest.xml:18:17-82
146            <meta-data
146-->[com.google.firebase:firebase-installations:17.1.2] AndroidManifest.xml:17:13-19:85
147                android:name="com.google.firebase.components:com.google.firebase.installations.FirebaseInstallationsRegistrar"
147-->[com.google.firebase:firebase-installations:17.1.2] AndroidManifest.xml:18:17-127
148                android:value="com.google.firebase.components.ComponentRegistrar" />
148-->[com.google.firebase:firebase-installations:17.1.2] AndroidManifest.xml:19:17-82
149            <meta-data
149-->[com.google.firebase:firebase-abt:21.1.0] AndroidManifest.xml:12:13-14:85
150                android:name="com.google.firebase.components:com.google.firebase.abt.component.AbtRegistrar"
150-->[com.google.firebase:firebase-abt:21.1.0] AndroidManifest.xml:13:17-109
151                android:value="com.google.firebase.components.ComponentRegistrar" />
151-->[com.google.firebase:firebase-abt:21.1.0] AndroidManifest.xml:14:17-82
152            <meta-data
152-->[com.google.firebase:firebase-datatransport:18.1.7] AndroidManifest.xml:27:13-29:85
153                android:name="com.google.firebase.components:com.google.firebase.datatransport.TransportRegistrar"
153-->[com.google.firebase:firebase-datatransport:18.1.7] AndroidManifest.xml:28:17-115
154                android:value="com.google.firebase.components.ComponentRegistrar" />
154-->[com.google.firebase:firebase-datatransport:18.1.7] AndroidManifest.xml:29:17-82
155        </service>
156        <service
156-->[:firebase_messaging] AndroidManifest.xml:16:9-19:72
157            android:name="io.flutter.plugins.firebase.messaging.FlutterFirebaseMessagingBackgroundService"
157-->[:firebase_messaging] AndroidManifest.xml:17:13-107
158            android:exported="false"
158-->[:firebase_messaging] AndroidManifest.xml:18:13-37
159            android:permission="android.permission.BIND_JOB_SERVICE" />
159-->[:firebase_messaging] AndroidManifest.xml:19:13-69
160        <service
160-->[:firebase_messaging] AndroidManifest.xml:20:9-26:19
161            android:name="io.flutter.plugins.firebase.messaging.FlutterFirebaseMessagingService"
161-->[:firebase_messaging] AndroidManifest.xml:21:13-97
162            android:exported="false" >
162-->[:firebase_messaging] AndroidManifest.xml:22:13-37
163            <intent-filter>
163-->[:firebase_messaging] AndroidManifest.xml:23:13-25:29
164                <action android:name="com.google.firebase.MESSAGING_EVENT" />
164-->[:firebase_messaging] AndroidManifest.xml:24:17-78
164-->[:firebase_messaging] AndroidManifest.xml:24:25-75
165            </intent-filter>
166        </service>
167
168        <receiver
168-->[:firebase_messaging] AndroidManifest.xml:28:9-35:20
169            android:name="io.flutter.plugins.firebase.messaging.FlutterFirebaseMessagingReceiver"
169-->[:firebase_messaging] AndroidManifest.xml:29:13-98
170            android:exported="true"
170-->[:firebase_messaging] AndroidManifest.xml:30:13-36
171            android:permission="com.google.android.c2dm.permission.SEND" >
171-->[:firebase_messaging] AndroidManifest.xml:31:13-73
172            <intent-filter>
172-->[:firebase_messaging] AndroidManifest.xml:32:13-34:29
173                <action android:name="com.google.android.c2dm.intent.RECEIVE" />
173-->[:firebase_messaging] AndroidManifest.xml:33:17-81
173-->[:firebase_messaging] AndroidManifest.xml:33:25-78
174            </intent-filter>
175        </receiver>
176
177        <provider
177-->[:firebase_messaging] AndroidManifest.xml:43:9-47:38
178            android:name="io.flutter.plugins.firebase.messaging.FlutterFirebaseMessagingInitProvider"
178-->[:firebase_messaging] AndroidManifest.xml:44:13-102
179            android:authorities="com.fredtheedev.drivio.flutterfirebasemessaginginitprovider"
179-->[:firebase_messaging] AndroidManifest.xml:45:13-88
180            android:exported="false"
180-->[:firebase_messaging] AndroidManifest.xml:46:13-37
181            android:initOrder="99" />
181-->[:firebase_messaging] AndroidManifest.xml:47:13-35
182        <provider
182-->[:image_picker_android] AndroidManifest.xml:10:9-18:20
183            android:name="io.flutter.plugins.imagepicker.ImagePickerFileProvider"
183-->[:image_picker_android] AndroidManifest.xml:11:13-82
184            android:authorities="com.fredtheedev.drivio.flutter.image_provider"
184-->[:image_picker_android] AndroidManifest.xml:12:13-74
185            android:exported="false"
185-->[:image_picker_android] AndroidManifest.xml:13:13-37
186            android:grantUriPermissions="true" >
186-->[:image_picker_android] AndroidManifest.xml:14:13-47
187            <meta-data
187-->[:image_picker_android] AndroidManifest.xml:15:13-17:75
188                android:name="android.support.FILE_PROVIDER_PATHS"
188-->[:image_picker_android] AndroidManifest.xml:16:17-67
189                android:resource="@xml/flutter_image_picker_file_paths" />
189-->[:image_picker_android] AndroidManifest.xml:17:17-72
190        </provider>
191
192        <receiver
192-->[:flutter_local_notifications] AndroidManifest.xml:16:9-18:40
193            android:name="com.dexterous.flutterlocalnotifications.ScheduledNotificationReceiver"
193-->[:flutter_local_notifications] AndroidManifest.xml:17:13-97
194            android:exported="false" />
194-->[:flutter_local_notifications] AndroidManifest.xml:18:13-37
195        <receiver
195-->[:flutter_local_notifications] AndroidManifest.xml:19:9-28:20
196            android:name="com.dexterous.flutterlocalnotifications.ScheduledNotificationBootReceiver"
196-->[:flutter_local_notifications] AndroidManifest.xml:20:13-101
197            android:exported="false" >
197-->[:flutter_local_notifications] AndroidManifest.xml:21:13-37
198            <intent-filter>
198-->[:flutter_local_notifications] AndroidManifest.xml:22:13-27:29
199                <action android:name="android.intent.action.BOOT_COMPLETED" />
199-->[:flutter_local_notifications] AndroidManifest.xml:23:17-79
199-->[:flutter_local_notifications] AndroidManifest.xml:23:25-76
200                <action android:name="android.intent.action.MY_PACKAGE_REPLACED" />
200-->[:flutter_local_notifications] AndroidManifest.xml:24:17-84
200-->[:flutter_local_notifications] AndroidManifest.xml:24:25-81
201                <action android:name="android.intent.action.QUICKBOOT_POWERON" />
201-->[:flutter_local_notifications] AndroidManifest.xml:25:17-82
201-->[:flutter_local_notifications] AndroidManifest.xml:25:25-79
202                <action android:name="com.htc.intent.action.QUICKBOOT_POWERON" />
202-->[:flutter_local_notifications] AndroidManifest.xml:26:17-82
202-->[:flutter_local_notifications] AndroidManifest.xml:26:25-79
203            </intent-filter>
204        </receiver>
205
206        <meta-data
206-->[:google_mobile_ads] AndroidManifest.xml:12:9-14:36
207            android:name="io.flutter.embedded_views_preview"
207-->[:google_mobile_ads] AndroidManifest.xml:13:13-61
208            android:value="true" />
208-->[:google_mobile_ads] AndroidManifest.xml:14:13-33
209
210        <activity
210-->[com.google.firebase:firebase-auth:21.1.0] AndroidManifest.xml:27:9-44:20
211            android:name="com.google.firebase.auth.internal.GenericIdpActivity"
211-->[com.google.firebase:firebase-auth:21.1.0] AndroidManifest.xml:28:13-80
212            android:excludeFromRecents="true"
212-->[com.google.firebase:firebase-auth:21.1.0] AndroidManifest.xml:29:13-46
213            android:exported="true"
213-->[com.google.firebase:firebase-auth:21.1.0] AndroidManifest.xml:30:13-36
214            android:launchMode="singleTask"
214-->[com.google.firebase:firebase-auth:21.1.0] AndroidManifest.xml:31:13-44
215            android:theme="@android:style/Theme.Translucent.NoTitleBar" >
215-->[com.google.firebase:firebase-auth:21.1.0] AndroidManifest.xml:32:13-72
216            <intent-filter>
216-->[com.google.firebase:firebase-auth:21.1.0] AndroidManifest.xml:33:13-43:29
217                <action android:name="android.intent.action.VIEW" />
217-->[com.google.firebase:firebase-auth:21.1.0] AndroidManifest.xml:34:17-69
217-->[com.google.firebase:firebase-auth:21.1.0] AndroidManifest.xml:34:25-66
218
219                <category android:name="android.intent.category.DEFAULT" />
219-->[com.google.firebase:firebase-auth:21.1.0] AndroidManifest.xml:36:17-76
219-->[com.google.firebase:firebase-auth:21.1.0] AndroidManifest.xml:36:27-73
220                <category android:name="android.intent.category.BROWSABLE" />
220-->[com.google.firebase:firebase-auth:21.1.0] AndroidManifest.xml:37:17-78
220-->[com.google.firebase:firebase-auth:21.1.0] AndroidManifest.xml:37:27-75
221
222                <data
222-->[com.google.firebase:firebase-auth:21.1.0] AndroidManifest.xml:39:17-42:51
223                    android:host="firebase.auth"
223-->[com.google.firebase:firebase-auth:21.1.0] AndroidManifest.xml:40:21-49
224                    android:path="/"
224-->[com.google.firebase:firebase-auth:21.1.0] AndroidManifest.xml:41:21-37
225                    android:scheme="genericidp" />
225-->[com.google.firebase:firebase-auth:21.1.0] AndroidManifest.xml:42:21-48
226            </intent-filter>
227        </activity>
228        <activity
228-->[com.google.firebase:firebase-auth:21.1.0] AndroidManifest.xml:45:9-62:20
229            android:name="com.google.firebase.auth.internal.RecaptchaActivity"
229-->[com.google.firebase:firebase-auth:21.1.0] AndroidManifest.xml:46:13-79
230            android:excludeFromRecents="true"
230-->[com.google.firebase:firebase-auth:21.1.0] AndroidManifest.xml:47:13-46
231            android:exported="true"
231-->[com.google.firebase:firebase-auth:21.1.0] AndroidManifest.xml:48:13-36
232            android:launchMode="singleTask"
232-->[com.google.firebase:firebase-auth:21.1.0] AndroidManifest.xml:49:13-44
233            android:theme="@android:style/Theme.Translucent.NoTitleBar" >
233-->[com.google.firebase:firebase-auth:21.1.0] AndroidManifest.xml:50:13-72
234            <intent-filter>
234-->[com.google.firebase:firebase-auth:21.1.0] AndroidManifest.xml:51:13-61:29
235                <action android:name="android.intent.action.VIEW" />
235-->[com.google.firebase:firebase-auth:21.1.0] AndroidManifest.xml:34:17-69
235-->[com.google.firebase:firebase-auth:21.1.0] AndroidManifest.xml:34:25-66
236
237                <category android:name="android.intent.category.DEFAULT" />
237-->[com.google.firebase:firebase-auth:21.1.0] AndroidManifest.xml:36:17-76
237-->[com.google.firebase:firebase-auth:21.1.0] AndroidManifest.xml:36:27-73
238                <category android:name="android.intent.category.BROWSABLE" />
238-->[com.google.firebase:firebase-auth:21.1.0] AndroidManifest.xml:37:17-78
238-->[com.google.firebase:firebase-auth:21.1.0] AndroidManifest.xml:37:27-75
239
240                <data
240-->[com.google.firebase:firebase-auth:21.1.0] AndroidManifest.xml:39:17-42:51
241                    android:host="firebase.auth"
241-->[com.google.firebase:firebase-auth:21.1.0] AndroidManifest.xml:40:21-49
242                    android:path="/"
242-->[com.google.firebase:firebase-auth:21.1.0] AndroidManifest.xml:41:21-37
243                    android:scheme="recaptcha" />
243-->[com.google.firebase:firebase-auth:21.1.0] AndroidManifest.xml:42:21-48
244            </intent-filter>
245        </activity>
246
247        <receiver
247-->[com.google.firebase:firebase-messaging:23.1.1] AndroidManifest.xml:31:9-38:20
248            android:name="com.google.firebase.iid.FirebaseInstanceIdReceiver"
248-->[com.google.firebase:firebase-messaging:23.1.1] AndroidManifest.xml:32:13-78
249            android:exported="true"
249-->[com.google.firebase:firebase-messaging:23.1.1] AndroidManifest.xml:33:13-36
250            android:permission="com.google.android.c2dm.permission.SEND" >
250-->[com.google.firebase:firebase-messaging:23.1.1] AndroidManifest.xml:34:13-73
251            <intent-filter>
251-->[:firebase_messaging] AndroidManifest.xml:32:13-34:29
252                <action android:name="com.google.android.c2dm.intent.RECEIVE" />
252-->[:firebase_messaging] AndroidManifest.xml:33:17-81
252-->[:firebase_messaging] AndroidManifest.xml:33:25-78
253            </intent-filter>
254        </receiver>
255        <!--
256             FirebaseMessagingService performs security checks at runtime,
257             but set to not exported to explicitly avoid allowing another app to call it.
258        -->
259        <service
259-->[com.google.firebase:firebase-messaging:23.1.1] AndroidManifest.xml:44:9-51:19
260            android:name="com.google.firebase.messaging.FirebaseMessagingService"
260-->[com.google.firebase:firebase-messaging:23.1.1] AndroidManifest.xml:45:13-82
261            android:directBootAware="true"
261-->[com.google.firebase:firebase-messaging:23.1.1] AndroidManifest.xml:46:13-43
262            android:exported="false" >
262-->[com.google.firebase:firebase-messaging:23.1.1] AndroidManifest.xml:47:13-37
263            <intent-filter android:priority="-500" >
263-->[:firebase_messaging] AndroidManifest.xml:23:13-25:29